-------------------------------------------------------------------------------
Test set: edu.okbu.cs1.AppTest
-------------------------------------------------------------------------------
Tests run: 11, Failures: 1, Errors: 0, Skipped: 0, Time elapsed: 0.137 s <<< FAILURE! - in edu.okbu.cs1.AppTest
test_DieR0ll(edu.okbu.cs1.AppTest)  Time elapsed: 0.013 s  <<< FAILURE!
java.lang.AssertionError: expected:<3> but was:<1>
	at edu.okbu.cs1.AppTest.test_DieR0ll(AppTest.java:98)

